<?xml version="1.0" encoding="utf-8"?><testsuites name="pytest tests"><testsuite name="pytest" errors="0" failures="0" skipped="0" tests="17" time="10.191" timestamp="2026-06-29T07:55:20.598165+00:00" hostname="agent-env-314be181-c896-4658-8151-0d7bba7a72cb"><testcase classname="tests.backend_test.TestAuth" name="test_super_admin_login" time="0.466" /><testcase classname="tests.backend_test.TestBots" name="test_default_bot_listed" time="0.746" /><testcase classname="tests.backend_test.TestBots" name="test_create_update_delete_bot" time="0.391" /><testcase classname="tests.backend_test.TestAuth" name="test_signup_duplicate" time="0.565" /><testcase classname="tests.backend_test.TestAuth" name="test_invalid_login" time="0.046" /><testcase classname="tests.backend_test.TestAuth" name="test_me_endpoint" time="0.047" /><testcase classname="tests.backend_test.TestSuperAdmin" name="test_admin_endpoints" time="0.543" /><testcase classname="tests.backend_test.TestWidget" name="test_widget_init_invalid" time="0.259" /><testcase classname="tests.backend_test.TestWidget" name="test_widget_full_flow" time="7.505" /><testcase classname="tests.backend_test.TestSuperAdmin" name="test_non_super_blocked" time="0.048" /><testcase classname="tests.backend_test.TestKnowledge" name="test_kb_create_search" time="0.140" /><testcase classname="tests.backend_test.TestAgentChats" name="test_list_chats" time="0.050" /><testcase classname="tests.backend_test.TestNotifications" name="test_notifications" time="0.099" /><testcase classname="tests.backend_test.TestAnalytics" name="test_summary" time="0.052" /><testcase classname="tests.backend_test.TestIsolation" name="test_tenant_a_cannot_see_b" time="0.588" /><testcase classname="tests.backend_test.TestTickets" name="test_ticket_crud_and_code" time="0.298" /><testcase classname="tests.backend_test.TestUsers" name="test_user_crud_and_self_delete_block" time="0.447" /></testsuite></testsuites>